Línea 49: la clase FechaCtl.Fecha del control TxtFecIngresoD no era una clase de control cargada.
Línea 86: la clase FechaCtl.Fecha del control TxtFecIngresoH no era una clase de control cargada.
Línea 98: la clase FechaCtl.Fecha del control Fecha2 no era una clase de control cargada.
Línea 110: la clase FechaCtl.Fecha del control Fecha1 no era una clase de control cargada.
Línea 122: la clase FechaCtl.Fecha del control TxtFecVtoD no era una clase de control cargada.
Línea 134: la clase FechaCtl.Fecha del control TxtFecVtoH no era una clase de control cargada.
Línea 55: el nombre de la propiedad _ExtentX de TxtFecIngresoD no es válido.
Línea 56: el nombre de la propiedad _ExtentY de TxtFecIngresoD no es válido.
Línea 57: el nombre de la propiedad Separador de TxtFecIngresoD no es válido.
Línea 58: el nombre de la propiedad Text de TxtFecIngresoD no es válido.
Línea 59: el nombre de la propiedad MensajeErrMin de TxtFecIngresoD no es válido.
Línea 92: el nombre de la propiedad _ExtentX de TxtFecIngresoH no es válido.
Línea 93: el nombre de la propiedad _ExtentY de TxtFecIngresoH no es válido.
Línea 94: el nombre de la propiedad Separador de TxtFecIngresoH no es válido.
Línea 95: el nombre de la propiedad Text de TxtFecIngresoH no es válido.
Línea 96: el nombre de la propiedad MensajeErrMin de TxtFecIngresoH no es válido.
Línea 104: el nombre de la propiedad _ExtentX de Fecha2 no es válido.
Línea 105: el nombre de la propiedad _ExtentY de Fecha2 no es válido.
Línea 106: el nombre de la propiedad Separador de Fecha2 no es válido.
Línea 107: el nombre de la propiedad Text de Fecha2 no es válido.
Línea 108: el nombre de la propiedad MensajeErrMin de Fecha2 no es válido.
Línea 116: el nombre de la propiedad _ExtentX de Fecha1 no es válido.
Línea 117: el nombre de la propiedad _ExtentY de Fecha1 no es válido.
Línea 118: el nombre de la propiedad Separador de Fecha1 no es válido.
Línea 119: el nombre de la propiedad Text de Fecha1 no es válido.
Línea 120: el nombre de la propiedad MensajeErrMin de Fecha1 no es válido.
Línea 128: el nombre de la propiedad _ExtentX de TxtFecVtoD no es válido.
Línea 129: el nombre de la propiedad _ExtentY de TxtFecVtoD no es válido.
Línea 130: el nombre de la propiedad Separador de TxtFecVtoD no es válido.
Línea 131: el nombre de la propiedad Text de TxtFecVtoD no es válido.
Línea 132: el nombre de la propiedad MensajeErrMin de TxtFecVtoD no es válido.
Línea 140: el nombre de la propiedad _ExtentX de TxtFecVtoH no es válido.
Línea 141: el nombre de la propiedad _ExtentY de TxtFecVtoH no es válido.
Línea 142: el nombre de la propiedad Separador de TxtFecVtoH no es válido.
Línea 143: el nombre de la propiedad Text de TxtFecVtoH no es válido.
Línea 144: el nombre de la propiedad MensajeErrMin de TxtFecVtoH no es válido.
