Línea 41: la clase FechaCtl.Fecha del control TxtFecIngresoD no era una clase de control cargada.
Línea 78: la clase FechaCtl.Fecha del control TxtFecIngresoH no era una clase de control cargada.
Línea 90: la clase FechaCtl.Fecha del control Fecha3 no era una clase de control cargada.
Línea 102: la clase FechaCtl.Fecha del control Fecha2 no era una clase de control cargada.
Línea 114: la clase FechaCtl.Fecha del control Fecha1 no era una clase de control cargada.
Línea 126: la clase FechaCtl.Fecha del control TxtFecVtoD no era una clase de control cargada.
Línea 138: la clase FechaCtl.Fecha del control TxtFecVtoH no era una clase de control cargada.
Línea 47: el nombre de la propiedad _ExtentX de TxtFecIngresoD no es válido.
Línea 48: el nombre de la propiedad _ExtentY de TxtFecIngresoD no es válido.
Línea 49: el nombre de la propiedad Separador de TxtFecIngresoD no es válido.
Línea 50: el nombre de la propiedad Text de TxtFecIngresoD no es válido.
Línea 51: el nombre de la propiedad MensajeErrMin de TxtFecIngresoD no es válido.
Línea 84: el nombre de la propiedad _ExtentX de TxtFecIngresoH no es válido.
Línea 85: el nombre de la propiedad _ExtentY de TxtFecIngresoH no es válido.
Línea 86: el nombre de la propiedad Separador de TxtFecIngresoH no es válido.
Línea 87: el nombre de la propiedad Text de TxtFecIngresoH no es válido.
Línea 88: el nombre de la propiedad MensajeErrMin de TxtFecIngresoH no es válido.
Línea 96: el nombre de la propiedad _ExtentX de Fecha3 no es válido.
Línea 97: el nombre de la propiedad _ExtentY de Fecha3 no es válido.
Línea 98: el nombre de la propiedad Separador de Fecha3 no es válido.
Línea 99: el nombre de la propiedad Text de Fecha3 no es válido.
Línea 100: el nombre de la propiedad MensajeErrMin de Fecha3 no es válido.
Línea 108: el nombre de la propiedad _ExtentX de Fecha2 no es válido.
Línea 109: el nombre de la propiedad _ExtentY de Fecha2 no es válido.
Línea 110: el nombre de la propiedad Separador de Fecha2 no es válido.
Línea 111: el nombre de la propiedad Text de Fecha2 no es válido.
Línea 112: el nombre de la propiedad MensajeErrMin de Fecha2 no es válido.
Línea 120: el nombre de la propiedad _ExtentX de Fecha1 no es válido.
Línea 121: el nombre de la propiedad _ExtentY de Fecha1 no es válido.
Línea 122: el nombre de la propiedad Separador de Fecha1 no es válido.
Línea 123: el nombre de la propiedad Text de Fecha1 no es válido.
Línea 124: el nombre de la propiedad MensajeErrMin de Fecha1 no es válido.
Línea 132: el nombre de la propiedad _ExtentX de TxtFecVtoD no es válido.
Línea 133: el nombre de la propiedad _ExtentY de TxtFecVtoD no es válido.
Línea 134: el nombre de la propiedad Separador de TxtFecVtoD no es válido.
Línea 135: el nombre de la propiedad Text de TxtFecVtoD no es válido.
Línea 136: el nombre de la propiedad MensajeErrMin de TxtFecVtoD no es válido.
Línea 144: el nombre de la propiedad _ExtentX de TxtFecVtoH no es válido.
Línea 145: el nombre de la propiedad _ExtentY de TxtFecVtoH no es válido.
Línea 146: el nombre de la propiedad Separador de TxtFecVtoH no es válido.
Línea 147: el nombre de la propiedad Text de TxtFecVtoH no es válido.
Línea 148: el nombre de la propiedad MensajeErrMin de TxtFecVtoH no es válido.
