Línea 164: la clase FechaCtl.Fecha del control FechaHasta no era una clase de control cargada.
Línea 176: la clase FechaCtl.Fecha del control FechaDesde no era una clase de control cargada.
Línea 443: la clase FechaCtl.Fecha del control FechaComprobante no era una clase de control cargada.
Línea 455: la clase FechaCtl.Fecha del control Periodo no era una clase de control cargada.
Línea 170: el nombre de la propiedad _ExtentX de FechaHasta no es válido.
Línea 171: el nombre de la propiedad _ExtentY de FechaHasta no es válido.
Línea 172: el nombre de la propiedad Separador de FechaHasta no es válido.
Línea 173: el nombre de la propiedad Text de FechaHasta no es válido.
Línea 174: el nombre de la propiedad MensajeErrMin de FechaHasta no es válido.
Línea 182: el nombre de la propiedad _ExtentX de FechaDesde no es válido.
Línea 183: el nombre de la propiedad _ExtentY de FechaDesde no es válido.
Línea 184: el nombre de la propiedad Separador de FechaDesde no es válido.
Línea 185: el nombre de la propiedad Text de FechaDesde no es válido.
Línea 186: el nombre de la propiedad MensajeErrMin de FechaDesde no es válido.
Línea 449: el nombre de la propiedad _ExtentX de FechaComprobante no es válido.
Línea 450: el nombre de la propiedad _ExtentY de FechaComprobante no es válido.
Línea 451: el nombre de la propiedad Separador de FechaComprobante no es válido.
Línea 452: el nombre de la propiedad Text de FechaComprobante no es válido.
Línea 453: el nombre de la propiedad MensajeErrMin de FechaComprobante no es válido.
Línea 461: el nombre de la propiedad _ExtentX de Periodo no es válido.
Línea 462: el nombre de la propiedad _ExtentY de Periodo no es válido.
Línea 463: el nombre de la propiedad Separador de Periodo no es válido.
Línea 464: el nombre de la propiedad Text de Periodo no es válido.
Línea 465: el nombre de la propiedad MensajeErrMin de Periodo no es válido.
